<?xml version="1.0" encoding="UTF-8"?>
<!-- Generated by org.testng.reporters.JUnitReportReporter -->
<testsuite hostname="DESKTOP-7VJ2L9T" failures="0" tests="4" name="api.Tests.UserTests" time="8.552" errors="0" timestamp="2023-08-25T23:33:15 IST" skipped="0">
  <testcase classname="api.Tests.UserTests" name="testCreateUser" time="4.482"/>
  <testcase classname="api.Tests.UserTests" name="getUserbyuserName" time="1.342"/>
  <testcase classname="api.Tests.UserTests" name="updateUserByuserName" time="1.401"/>
  <testcase classname="api.Tests.UserTests" name="deleteUser" time="1.327"/>
</testsuite> <!-- api.Tests.UserTests -->
