<?xml version="1.0" encoding="UTF-8"?>
<!-- Generated by org.testng.reporters.JUnitReportReporter -->
<testsuite hostname="DESKTOP-7VJ2L9T" failures="0" tests="4" name="api.Tests.UserDataDrivenTests" time="8.577" errors="0" timestamp="2023-08-25T22:09:42 IST" skipped="0">
  <testcase classname="api.Tests.UserDataDrivenTests" name="CreateUser" time="1.398"/>
  <testcase classname="api.Tests.UserDataDrivenTests" name="CreateUser" time="4.453"/>
  <testcase classname="api.Tests.UserDataDrivenTests" name="CreateUser" time="1.374"/>
  <testcase classname="api.Tests.UserDataDrivenTests" name="CreateUser" time="1.352"/>
</testsuite> <!-- api.Tests.UserDataDrivenTests -->
